<?xml version="1.0" encoding="UTF-8"?>
<!-- Generated by org.testng.reporters.JUnitReportReporter -->
<testsuite hostname="DESKTOP-5L987HR" failures="0" tests="1" name="Runner.Facebooklogin" time="14.585" errors="0" timestamp="2024-03-10T16:31:50 IST" skipped="0">
  <testcase classname="Runner.Facebooklogin" name="loginFacebookAccoutvalidCredentials" time="14.585"/>
  <system-out/>
</testsuite> <!-- Runner.Facebooklogin -->
